mode: set
github.com/armada/configbundle/api/v1/configbundle_types.go:153.13,155.2 1 0
github.com/armada/configbundle/api/v1/serverconfig_types.go:101.13,103.2 1 0
github.com/armada/configbundle/api/v1/zz_generated.deepcopy.go:29.57,35.2 5 0
github.com/armada/configbundle/api/v1/zz_generated.deepcopy.go:38.50,39.15 1 0
github.com/armada/configbundle/api/v1/zz_generated.deepcopy.go:39.15,41.3 1 0
github.com/armada/configbundle/api/v1/zz_generated.deepcopy.go:42.2,44.12 3 0
github.com/armada/configbundle/api/v1/zz_generated.deepcopy.go:48.57,49.34 1 0
github.com/armada/configbundle/api/v1/zz_generated.deepcopy.go:49.34,51.3 1 0
github.com/armada/configbundle/api/v1/zz_generated.deepcopy.go:52.2,52.12 1 0
github.com/armada/configbundle/api/v1/zz_generated.deepcopy.go:56.65,60.21 4 0
github.com/armada/configbundle/api/v1/zz_generated.deepcopy.go:60.21,63.22 3 0
github.com/armada/configbundle/api/v1/zz_generated.deepcopy.go:63.22,65.4 1 0
github.com/armada/configbundle/api/v1/zz_generated.deepcopy.go:70.58,71.15 1 0
github.com/armada/configbundle/api/v1/zz_generated.deepcopy.go:71.15,73.3 1 0
github.com/armada/configbundle/api/v1/zz_generated.deepcopy.go:74.2,76.12 3 0
github.com/armada/configbundle/api/v1/zz_generated.deepcopy.go:80.61,81.34 1 0
github.com/armada/configbundle/api/v1/zz_generated.deepcopy.go:81.34,83.3 1 0
github.com/armada/configbundle/api/v1/zz_generated.deepcopy.go:84.2,84.12 1 0
github.com/armada/configbundle/api/v1/zz_generated.deepcopy.go:88.65,90.23 2 0
github.com/armada/configbundle/api/v1/zz_generated.deepcopy.go:90.23,94.3 3 0
github.com/armada/configbundle/api/v1/zz_generated.deepcopy.go:98.58,99.15 1 0
github.com/armada/configbundle/api/v1/zz_generated.deepcopy.go:99.15,101.3 1 0
github.com/armada/configbundle/api/v1/zz_generated.deepcopy.go:102.2,104.12 3 0
github.com/armada/configbundle/api/v1/zz_generated.deepcopy.go:108.69,110.26 2 0
github.com/armada/configbundle/api/v1/zz_generated.deepcopy.go:110.26,113.22 3 0
github.com/armada/configbundle/api/v1/zz_generated.deepcopy.go:113.22,115.4 1 0
github.com/armada/configbundle/api/v1/zz_generated.deepcopy.go:117.2,117.29 1 0
github.com/armada/configbundle/api/v1/zz_generated.deepcopy.go:117.29,120.3 2 0
github.com/armada/configbundle/api/v1/zz_generated.deepcopy.go:124.62,125.15 1 0
github.com/armada/configbundle/api/v1/zz_generated.deepcopy.go:125.15,127.3 1 0
github.com/armada/configbundle/api/v1/zz_generated.deepcopy.go:128.2,130.12 3 0
github.com/armada/configbundle/api/v1/zz_generated.deepcopy.go:134.51,136.2 1 0
github.com/armada/configbundle/api/v1/zz_generated.deepcopy.go:139.44,140.15 1 0
github.com/armada/configbundle/api/v1/zz_generated.deepcopy.go:140.15,142.3 1 0
github.com/armada/configbundle/api/v1/zz_generated.deepcopy.go:143.2,145.12 3 0
github.com/armada/configbundle/api/v1/zz_generated.deepcopy.go:149.57,155.2 5 0
github.com/armada/configbundle/api/v1/zz_generated.deepcopy.go:158.50,159.15 1 0
github.com/armada/configbundle/api/v1/zz_generated.deepcopy.go:159.15,161.3 1 0
github.com/armada/configbundle/api/v1/zz_generated.deepcopy.go:162.2,164.12 3 0
github.com/armada/configbundle/api/v1/zz_generated.deepcopy.go:168.57,169.34 1 0
github.com/armada/configbundle/api/v1/zz_generated.deepcopy.go:169.34,171.3 1 0
github.com/armada/configbundle/api/v1/zz_generated.deepcopy.go:172.2,172.12 1 0
github.com/armada/configbundle/api/v1/zz_generated.deepcopy.go:176.65,180.21 4 0
github.com/armada/configbundle/api/v1/zz_generated.deepcopy.go:180.21,183.22 3 0
github.com/armada/configbundle/api/v1/zz_generated.deepcopy.go:183.22,185.4 1 0
github.com/armada/configbundle/api/v1/zz_generated.deepcopy.go:190.58,191.15 1 0
github.com/armada/configbundle/api/v1/zz_generated.deepcopy.go:191.15,193.3 1 0
github.com/armada/configbundle/api/v1/zz_generated.deepcopy.go:194.2,196.12 3 0
github.com/armada/configbundle/api/v1/zz_generated.deepcopy.go:200.61,201.34 1 0
github.com/armada/configbundle/api/v1/zz_generated.deepcopy.go:201.34,203.3 1 0
github.com/armada/configbundle/api/v1/zz_generated.deepcopy.go:204.2,204.12 1 0
github.com/armada/configbundle/api/v1/zz_generated.deepcopy.go:208.65,211.2 2 0
github.com/armada/configbundle/api/v1/zz_generated.deepcopy.go:214.58,215.15 1 0
github.com/armada/configbundle/api/v1/zz_generated.deepcopy.go:215.15,217.3 1 0
github.com/armada/configbundle/api/v1/zz_generated.deepcopy.go:218.2,220.12 3 0
github.com/armada/configbundle/api/v1/zz_generated.deepcopy.go:224.69,226.26 2 0
github.com/armada/configbundle/api/v1/zz_generated.deepcopy.go:226.26,229.22 3 0
github.com/armada/configbundle/api/v1/zz_generated.deepcopy.go:229.22,231.4 1 0
github.com/armada/configbundle/api/v1/zz_generated.deepcopy.go:236.62,237.15 1 0
github.com/armada/configbundle/api/v1/zz_generated.deepcopy.go:237.15,239.3 1 0
github.com/armada/configbundle/api/v1/zz_generated.deepcopy.go:240.2,242.12 3 0
github.com/armada/configbundle/api/v1/zz_generated.deepcopy.go:246.53,249.2 2 0
github.com/armada/configbundle/api/v1/zz_generated.deepcopy.go:252.46,253.15 1 0
github.com/armada/configbundle/api/v1/zz_generated.deepcopy.go:253.15,255.3 1 0
github.com/armada/configbundle/api/v1/zz_generated.deepcopy.go:256.2,258.12 3 0
github.com/armada/configbundle/cmd/main.go:45.50,46.34 1 0
github.com/armada/configbundle/cmd/main.go:46.34,48.3 1 0
github.com/armada/configbundle/cmd/main.go:49.2,49.19 1 0
github.com/armada/configbundle/cmd/main.go:57.13,62.2 2 0
github.com/armada/configbundle/cmd/main.go:65.13,105.38 24 0
github.com/armada/configbundle/cmd/main.go:105.38,108.3 2 0
github.com/armada/configbundle/cmd/main.go:110.2,110.18 1 0
github.com/armada/configbundle/cmd/main.go:110.18,112.3 1 0
github.com/armada/configbundle/cmd/main.go:115.2,120.30 3 0
github.com/armada/configbundle/cmd/main.go:120.30,127.3 4 0
github.com/armada/configbundle/cmd/main.go:129.2,141.19 3 0
github.com/armada/configbundle/cmd/main.go:141.19,147.3 1 0
github.com/armada/configbundle/cmd/main.go:157.2,157.30 1 0
github.com/armada/configbundle/cmd/main.go:157.30,164.3 4 0
github.com/armada/configbundle/cmd/main.go:166.2,185.16 2 0
github.com/armada/configbundle/cmd/main.go:185.16,188.3 2 0
github.com/armada/configbundle/cmd/main.go:190.2,193.39 1 0
github.com/armada/configbundle/cmd/main.go:193.39,196.3 2 0
github.com/armada/configbundle/cmd/main.go:199.2,203.41 2 0
github.com/armada/configbundle/cmd/main.go:203.41,206.3 2 0
github.com/armada/configbundle/cmd/main.go:207.2,211.69 2 0
github.com/armada/configbundle/cmd/main.go:211.69,214.3 2 0
github.com/armada/configbundle/cmd/main.go:215.2,215.67 1 0
github.com/armada/configbundle/cmd/main.go:215.67,218.3 2 0
github.com/armada/configbundle/cmd/main.go:220.2,221.61 2 0
github.com/armada/configbundle/cmd/main.go:221.61,224.3 2 0
github.com/armada/configbundle/cmd/bundler/main.go:11.13,13.16 2 0
github.com/armada/configbundle/cmd/bundler/main.go:13.16,15.3 1 0
github.com/armada/configbundle/cmd/bundler/main.go:17.2,27.63 5 0
github.com/armada/configbundle/cmd/bundler/main.go:27.63,29.3 1 0
github.com/armada/configbundle/internal/bundler/config.go:14.35,16.52 2 0
github.com/armada/configbundle/internal/bundler/config.go:16.52,18.3 1 0
github.com/armada/configbundle/internal/bundler/config.go:19.2,19.18 1 0
github.com/armada/configbundle/internal/bundler/handler.go:32.69,34.61 2 1
github.com/armada/configbundle/internal/bundler/handler.go:34.61,37.3 2 1
github.com/armada/configbundle/internal/bundler/handler.go:38.2,38.26 1 1
github.com/armada/configbundle/internal/bundler/handler.go:38.26,41.3 2 1
github.com/armada/configbundle/internal/bundler/handler.go:43.2,44.16 2 1
github.com/armada/configbundle/internal/bundler/handler.go:44.16,47.3 2 1
github.com/armada/configbundle/internal/bundler/handler.go:51.2,51.23 1 1
github.com/armada/configbundle/internal/bundler/handler.go:51.23,55.3 3 1
github.com/armada/configbundle/internal/bundler/handler.go:57.2,59.16 3 1
github.com/armada/configbundle/internal/bundler/handler.go:59.16,62.3 2 0
github.com/armada/configbundle/internal/bundler/handler.go:64.2,70.35 3 1
github.com/armada/configbundle/internal/bundler/handler.go:75.63,77.31 2 1
github.com/armada/configbundle/internal/bundler/handler.go:77.31,78.23 1 1
github.com/armada/configbundle/internal/bundler/handler.go:78.23,79.12 1 1
github.com/armada/configbundle/internal/bundler/handler.go:81.3,82.21 2 1
github.com/armada/configbundle/internal/bundler/handler.go:82.21,84.4 1 1
github.com/armada/configbundle/internal/bundler/handler.go:85.3,90.29 2 1
github.com/armada/configbundle/internal/bundler/handler.go:90.29,101.4 1 1
github.com/armada/configbundle/internal/bundler/handler.go:102.3,102.43 1 1
github.com/armada/configbundle/internal/bundler/handler.go:104.2,104.13 1 1
github.com/armada/configbundle/internal/bundler/orbital.go:93.107,98.16 2 0
github.com/armada/configbundle/internal/bundler/orbital.go:98.16,100.3 1 0
github.com/armada/configbundle/internal/bundler/orbital.go:102.2,103.16 2 0
github.com/armada/configbundle/internal/bundler/orbital.go:103.16,105.3 1 0
github.com/armada/configbundle/internal/bundler/orbital.go:106.2,107.25 2 0
github.com/armada/configbundle/internal/bundler/orbital.go:107.25,109.3 1 0
github.com/armada/configbundle/internal/bundler/orbital.go:111.2,112.16 2 0
github.com/armada/configbundle/internal/bundler/orbital.go:112.16,114.3 1 0
github.com/armada/configbundle/internal/bundler/orbital.go:115.2,117.38 2 0
github.com/armada/configbundle/internal/bundler/orbital.go:117.38,119.3 1 0
github.com/armada/configbundle/internal/bundler/orbital.go:121.2,122.68 2 0
github.com/armada/configbundle/internal/bundler/orbital.go:122.68,124.3 1 0
github.com/armada/configbundle/internal/bundler/orbital.go:125.2,125.29 1 0
github.com/armada/configbundle/internal/bundler/orbital.go:125.29,127.3 1 0
github.com/armada/configbundle/internal/bundler/orbital.go:129.2,129.42 1 0
github.com/armada/configbundle/test/utils/utils.go:38.27,40.2 1 0
github.com/armada/configbundle/test/utils/utils.go:43.41,47.42 3 0
github.com/armada/configbundle/test/utils/utils.go:47.42,49.3 1 0
github.com/armada/configbundle/test/utils/utils.go:51.2,55.16 5 0
github.com/armada/configbundle/test/utils/utils.go:55.16,57.3 1 0
github.com/armada/configbundle/test/utils/utils.go:59.2,59.28 1 0
github.com/armada/configbundle/test/utils/utils.go:63.29,66.36 3 0
github.com/armada/configbundle/test/utils/utils.go:66.36,68.3 1 0
github.com/armada/configbundle/test/utils/utils.go:71.2,75.41 2 0
github.com/armada/configbundle/test/utils/utils.go:75.41,78.37 2 0
github.com/armada/configbundle/test/utils/utils.go:78.37,80.4 1 0
github.com/armada/configbundle/test/utils/utils.go:85.33,88.36 3 0
github.com/armada/configbundle/test/utils/utils.go:88.36,90.3 1 0
github.com/armada/configbundle/test/utils/utils.go:93.2,100.12 3 0
github.com/armada/configbundle/test/utils/utils.go:105.40,119.16 4 0
github.com/armada/configbundle/test/utils/utils.go:119.16,121.3 1 0
github.com/armada/configbundle/test/utils/utils.go:124.2,125.38 2 0
github.com/armada/configbundle/test/utils/utils.go:125.38,126.32 1 0
github.com/armada/configbundle/test/utils/utils.go:126.32,127.35 1 0
github.com/armada/configbundle/test/utils/utils.go:127.35,129.5 1 0
github.com/armada/configbundle/test/utils/utils.go:133.2,133.14 1 0
github.com/armada/configbundle/test/utils/utils.go:137.56,139.47 2 0
github.com/armada/configbundle/test/utils/utils.go:139.47,141.3 1 0
github.com/armada/configbundle/test/utils/utils.go:142.2,144.39 3 0
github.com/armada/configbundle/test/utils/utils.go:144.39,146.3 1 0
github.com/armada/configbundle/test/utils/utils.go:147.2,149.12 3 0
github.com/armada/configbundle/test/utils/utils.go:154.47,157.32 3 0
github.com/armada/configbundle/test/utils/utils.go:157.32,158.20 1 0
github.com/armada/configbundle/test/utils/utils.go:158.20,160.4 1 0
github.com/armada/configbundle/test/utils/utils.go:163.2,163.12 1 0
github.com/armada/configbundle/test/utils/utils.go:167.38,169.16 2 0
github.com/armada/configbundle/test/utils/utils.go:169.16,171.3 1 0
github.com/armada/configbundle/test/utils/utils.go:172.2,173.16 2 0
github.com/armada/configbundle/test/utils/utils.go:178.59,182.16 2 0
github.com/armada/configbundle/test/utils/utils.go:182.16,184.3 1 0
github.com/armada/configbundle/test/utils/utils.go:185.2,188.13 3 0
github.com/armada/configbundle/test/utils/utils.go:188.13,190.3 1 0
github.com/armada/configbundle/test/utils/utils.go:192.2,194.16 3 0
github.com/armada/configbundle/test/utils/utils.go:194.16,196.3 1 0
github.com/armada/configbundle/test/utils/utils.go:198.2,199.21 2 0
github.com/armada/configbundle/test/utils/utils.go:199.21,201.3 1 0
github.com/armada/configbundle/test/utils/utils.go:202.2,202.6 1 0
github.com/armada/configbundle/test/utils/utils.go:202.6,203.87 1 0
github.com/armada/configbundle/test/utils/utils.go:203.87,205.4 1 0
github.com/armada/configbundle/test/utils/utils.go:207.3,207.22 1 0
github.com/armada/configbundle/test/utils/utils.go:207.22,208.9 1 0
github.com/armada/configbundle/test/utils/utils.go:210.3,210.49 1 0
github.com/armada/configbundle/test/utils/utils.go:210.49,212.4 1 0
github.com/armada/configbundle/test/utils/utils.go:215.2,215.63 1 0
github.com/armada/configbundle/test/utils/utils.go:215.63,217.3 1 0
github.com/armada/configbundle/test/utils/utils.go:221.2,221.65 1 0
github.com/armada/configbundle/test/utils/utils.go:221.65,223.3 1 0
github.com/armada/configbundle/test/utils/utils.go:225.2,225.12 1 0
github.com/armada/configbundle/internal/controller/configbundle_controller.go:43.104,47.60 3 1
github.com/armada/configbundle/internal/controller/configbundle_controller.go:47.60,49.3 1 0
github.com/armada/configbundle/internal/controller/configbundle_controller.go:51.2,53.41 2 1
github.com/armada/configbundle/internal/controller/configbundle_controller.go:53.41,54.63 1 1
github.com/armada/configbundle/internal/controller/configbundle_controller.go:54.63,57.4 2 1
github.com/armada/configbundle/internal/controller/configbundle_controller.go:58.3,58.79 1 1
github.com/armada/configbundle/internal/controller/configbundle_controller.go:61.2,61.27 1 1
github.com/armada/configbundle/internal/controller/configbundle_controller.go:66.134,84.70 2 1
github.com/armada/configbundle/internal/controller/configbundle_controller.go:84.70,86.3 1 0
github.com/armada/configbundle/internal/controller/configbundle_controller.go:88.2,91.3 1 1
github.com/armada/configbundle/internal/controller/configbundle_controller.go:96.75,102.2 1 1
github.com/armada/configbundle/internal/controller/consume.go:50.48,51.32 1 0
github.com/armada/configbundle/internal/controller/consume.go:51.32,51.49 1 0
github.com/armada/configbundle/internal/controller/consume.go:55.51,56.32 1 1
github.com/armada/configbundle/internal/controller/consume.go:56.32,56.52 1 1
github.com/armada/configbundle/internal/controller/consume.go:62.80,63.32 1 1
github.com/armada/configbundle/internal/controller/consume.go:63.32,66.3 2 1
github.com/armada/configbundle/internal/controller/consume.go:70.84,79.27 2 1
github.com/armada/configbundle/internal/controller/consume.go:79.27,81.3 1 1
github.com/armada/configbundle/internal/controller/consume.go:82.2,82.10 1 1
github.com/armada/configbundle/internal/controller/consume.go:87.52,87.68 1 0
github.com/armada/configbundle/internal/controller/consume.go:90.58,98.12 6 0
github.com/armada/configbundle/internal/controller/consume.go:98.12,103.3 4 0
github.com/armada/configbundle/internal/controller/consume.go:105.2,106.86 2 0
github.com/armada/configbundle/internal/controller/consume.go:106.86,108.3 1 0
github.com/armada/configbundle/internal/controller/consume.go:109.2,109.12 1 0
github.com/armada/configbundle/internal/controller/consume.go:120.79,123.62 2 1
github.com/armada/configbundle/internal/controller/consume.go:123.62,126.3 2 1
github.com/armada/configbundle/internal/controller/consume.go:128.2,133.16 5 1
github.com/armada/configbundle/internal/controller/consume.go:133.16,136.3 2 0
github.com/armada/configbundle/internal/controller/consume.go:137.2,137.34 1 1
github.com/armada/configbundle/internal/controller/consume.go:137.34,140.3 2 1
github.com/armada/configbundle/internal/controller/consume.go:143.2,144.16 2 1
github.com/armada/configbundle/internal/controller/consume.go:144.16,147.3 2 1
github.com/armada/configbundle/internal/controller/consume.go:148.2,148.27 1 1
github.com/armada/configbundle/internal/controller/consume.go:148.27,151.3 2 1
github.com/armada/configbundle/internal/controller/consume.go:153.2,158.22 3 1
github.com/armada/configbundle/internal/controller/consume.go:158.22,160.3 1 1
github.com/armada/configbundle/internal/controller/consume.go:163.2,163.12 1 1
github.com/armada/configbundle/internal/controller/consume.go:163.12,164.62 1 1
github.com/armada/configbundle/internal/controller/consume.go:164.62,166.4 1 1
github.com/armada/configbundle/internal/controller/consume.go:169.2,169.30 1 1
github.com/armada/configbundle/internal/controller/consume.go:174.104,176.16 2 1
github.com/armada/configbundle/internal/controller/consume.go:176.16,178.3 1 0
github.com/armada/configbundle/internal/controller/consume.go:179.2,179.27 1 1
github.com/armada/configbundle/internal/controller/consume.go:179.27,181.3 1 1
github.com/armada/configbundle/internal/controller/consume.go:184.2,189.39 3 1
github.com/armada/configbundle/internal/controller/consume.go:189.39,191.3 1 0
github.com/armada/configbundle/internal/controller/consume.go:195.2,211.52 4 1
github.com/armada/configbundle/internal/controller/consume.go:211.52,212.18 1 1
github.com/armada/configbundle/internal/controller/consume.go:212.18,214.11 2 0
github.com/armada/configbundle/internal/controller/consume.go:215.22,216.85 1 0
github.com/armada/configbundle/internal/controller/consume.go:217.28,217.28 0 0
github.com/armada/configbundle/internal/controller/consume.go:220.3,223.21 2 1
github.com/armada/configbundle/internal/controller/consume.go:223.21,224.9 1 1
github.com/armada/configbundle/internal/controller/consume.go:227.2,227.20 1 1
github.com/armada/configbundle/internal/controller/consume.go:227.20,229.3 1 0
github.com/armada/configbundle/internal/controller/consume.go:234.2,241.61 6 1
github.com/armada/configbundle/internal/controller/consume.go:241.61,243.3 1 0
github.com/armada/configbundle/internal/controller/consume.go:245.2,245.12 1 1
github.com/armada/configbundle/internal/controller/consume.go:249.68,251.52 2 1
github.com/armada/configbundle/internal/controller/consume.go:251.52,253.3 1 1
github.com/armada/configbundle/internal/controller/consume.go:254.2,254.18 1 1
github.com/armada/configbundle/internal/controller/consume.go:260.129,262.21 2 1
github.com/armada/configbundle/internal/controller/consume.go:262.21,264.3 1 1
github.com/armada/configbundle/internal/controller/consume.go:265.2,266.33 2 1
github.com/armada/configbundle/internal/controller/consume.go:266.33,267.27 1 1
github.com/armada/configbundle/internal/controller/consume.go:267.27,269.4 1 1
github.com/armada/configbundle/internal/controller/consume.go:271.2,272.13 2 1
github.com/armada/configbundle/internal/controller/consume.go:282.87,284.38 2 1
github.com/armada/configbundle/internal/controller/consume.go:284.38,285.62 1 1
github.com/armada/configbundle/internal/controller/consume.go:285.62,286.12 1 1
github.com/armada/configbundle/internal/controller/consume.go:288.3,289.69 2 1
github.com/armada/configbundle/internal/controller/consume.go:289.69,290.12 1 0
github.com/armada/configbundle/internal/controller/consume.go:292.3,294.33 3 1
github.com/armada/configbundle/internal/controller/consume.go:294.33,295.38 1 1
github.com/armada/configbundle/internal/controller/consume.go:295.38,296.13 1 0
github.com/armada/configbundle/internal/controller/consume.go:298.4,301.89 2 1
github.com/armada/configbundle/internal/controller/consume.go:301.89,302.13 1 0
github.com/armada/configbundle/internal/controller/consume.go:304.4,304.31 1 1
github.com/armada/configbundle/internal/controller/consume.go:304.31,306.5 1 1
github.com/armada/configbundle/internal/controller/consume.go:309.2,309.14 1 1
github.com/armada/configbundle/internal/controller/consume.go:313.123,315.32 2 1
github.com/armada/configbundle/internal/controller/consume.go:315.32,316.25 1 1
github.com/armada/configbundle/internal/controller/consume.go:316.25,322.4 5 1
github.com/armada/configbundle/internal/controller/consume.go:324.2,330.4 1 1
